       0.000000000000000    -364.168528832482025   45
      10.000000000000000    -364.168993484780117   45
      20.000000000000000    -364.170228190964338   45
      30.000000000000000    -364.171795845825784   45
      40.000000000000000    -364.173225641973829   45
      50.000000000000000    -364.174161428953255   45
      60.000000000000000    -364.174410798539100   45
      70.000000000000000    -364.173958281557816   45
      80.000000000000000    -364.172914158353706   45
      90.000000000000000    -364.171483812157931   45
     100.000000000000000    -364.170001267664190   45
     110.000000000000000    -364.168891872410200   45
     120.000000000000000    -364.168533339974999   45
     130.000000000000000    -364.169066113214342   45
     140.000000000000000    -364.170302302368043   45
     150.000000000000000    -364.171831783460391   45
     160.000000000000000    -364.173219948269832   45
     170.000000000000000    -364.174140774668842   45
     180.000000000000000    -364.174416101810777   45
     190.000000000000000    -364.174010380849666   45
     200.000000000000000    -364.173001885788551   45
     210.000000000000000    -364.171579455428741   45
     220.000000000000000    -364.170072067634010   45
     230.000000000000000    -364.168919193426404   45
     240.000000000000000    -364.168532157057371   45
     250.000000000000000    -364.169070191477545   45
     260.000000000000000    -364.170324238564035   45
     270.000000000000000    -364.171857903611340   45
     280.000000000000000    -364.173236907281137   45
     290.000000000000000    -364.174146969299159   45
     300.000000000000000    -364.174415623697087   45
     310.000000000000000    -364.174009953039331   45
     320.000000000000000    -364.173020185847122   45
     330.000000000000000    -364.171636996884899   45
     340.000000000000000    -364.170160663224465   45
     350.000000000000000    -364.168989271742248   45
