asym                                                    Tue Aug 27 19:57:44 2024
ID=     1 QSPINROT=      5962.1753 MIN, MAX QN=   0  50
MIN.LOG.STR=    -6.000 MIN.LOG.STR(FRQ/300GHZ)**2=    -6.000 MAX FREQ       40.0 GHZ, TEMP=    10.00
     1  001   0.3635372
     2  002   3.4590382
     3  003   0.2014688
.VAR FILE TITLE :asym                                                    Tue Aug 27 19:53:24 2024
                              PARAMETERS - A.PRIORI ERROR 
     1      1         10000   3.1197336757179E+03    1.596156E-05 A
     2      2         20000   1.8023607076649E+03    1.705436E-05 B
     3      3         30000   1.2852956446526E+03    1.606548E-05 C
     4      4     110010000   2.6310078508264E+00    2.217356E-03 1.5chi.aa
     5      5     110040000   1.4337536299723E+00    6.489878E-04 0.25chi.bb
     6      6     110610000  -4.3678048533196E-02    1.000000E-37 chi.ab
     7      7     110410000  -1.0124729585026E+01    1.000000E-37 chi.ac
     8      8     110210000   2.9310746488276E+00    1.000000E-37 chi.bc
     9      9           200  -1.5363834740261E-04    4.535207E-08 -DJ
    10     10          1100  -4.8788419446671E-03    5.223349E-08 -DJK
    11     11          2000   4.0849910143372E-03    7.607337E-08 -DK
    12     12         40100  -1.6295987836750E-05    1.383586E-08 d1
    13     13         50000  -5.1729518048675E-05    3.671331E-09 d2
13 parameters read, 13 independent parameters
IQNFMT = 304
EIGENVECTOR SORT OF STATES
PROLATE ROTOR
    V KMIN KMAX WTPL WTMN ESYMWT NSYM SPINS
    0    0   51    1    1    999    2  1.0
BLOCK - WT - SYM - V - TSP - N  -  other quanta  (rel. to F=0 )
    1    1    x    0    0  -1.0
    1    1    c    0    0  -1.0
    1    1    b    0    0  -1.0
    1    1    a    0    0  -1.0
    1    1    x    0    1   0.0
    1    1    c    0    1   0.0
    1    1    b    0    1   0.0
    1    1    a    0    1   0.0
    1    1    x    0    2   1.0
    1    1    c    0    2   1.0
    1    1    b    0    2   1.0
    1    1    a    0    2   1.0
Maximum Dimension for Hamiltonian = 309
INITIAL Q =      5962.1753, NEW Q IS RELATIVE TO MIN.EGY.=        -0.0000
 NUMBER OF LINES =   4034
TEMPERATURE - Q(SPIN-ROT.) - log Q(SPIN-ROT.)
    300.000    327244.9061    5.5149
    225.000    282542.8606    5.4511
    150.000    214819.3690    5.3321
     75.000    108375.2955    5.0349
     37.500     42803.7018    4.6315
     18.750     15293.6707    4.1845
     10.000      5962.1753    3.7754
      9.375      5412.7273    3.7334
