asym                                                    Fri Aug 23 20:48:00 2024
ID=     1 QSPINROT=      5962.1759 MIN, MAX QN=   0  50
MIN.LOG.STR=    -6.000 MIN.LOG.STR(FRQ/300GHZ)**2=    -6.000 MAX FREQ       40.0 GHZ, TEMP=    10.00
     1  001   0.3635372
     2  002   3.4590382
     3  003   0.2014688
.VAR FILE TITLE :asym                                                    Fri Aug 23 20:47:36 2024
                              PARAMETERS - A.PRIORI ERROR 
     1      1         10000   3.1197339462988E+03    2.692393E-04 A
     2      2         20000   1.8023614615315E+03    1.811001E-04 B
     3      3         30000   1.2852967428712E+03    2.259116E-04 C
     4      4     110010000   2.7988292497462E+00    3.704169E-02 1.5chi.aa
     5      5     110040000   1.4505982702060E+00    7.549604E-03 0.25chi.bb
     6      6     110610000  -4.3678048533196E-02    1.000000E-37 chi.ab
     7      7     110410000  -1.0124729585026E+01    1.000000E-37 chi.ac
     8      8     110210000   2.9310746488276E+00    1.000000E-37 chi.bc
     9      9           200  -1.5699713167816E-04    4.929659E-07 -DJ
    10     10          1100  -4.8773518846209E-03    4.871357E-07 -DJK
    11     11          2000   4.0857847437983E-03    1.344389E-06 -DK
    12     12         40100  -1.6128742575455E-05    9.801472E-08 d1
    13     13         50000  -5.1713316062724E-05    2.702655E-08 d2
13 parameters read, 13 independent parameters
IQNFMT = 304
EIGENVECTOR SORT OF STATES
PROLATE ROTOR
    V KMIN KMAX WTPL WTMN ESYMWT NSYM SPINS
    0    0   51    1    1    999    2  1.0
BLOCK - WT - SYM - V - TSP - N  -  other quanta  (rel. to F=0 )
    1    1    x    0    0  -1.0
    1    1    c    0    0  -1.0
    1    1    b    0    0  -1.0
    1    1    a    0    0  -1.0
    1    1    x    0    1   0.0
    1    1    c    0    1   0.0
    1    1    b    0    1   0.0
    1    1    a    0    1   0.0
    1    1    x    0    2   1.0
    1    1    c    0    2   1.0
    1    1    b    0    2   1.0
    1    1    a    0    2   1.0
Maximum Dimension for Hamiltonian = 309
INITIAL Q =      5962.1759, NEW Q IS RELATIVE TO MIN.EGY.=        -0.0000
 NUMBER OF LINES =   4035
TEMPERATURE - Q(SPIN-ROT.) - log Q(SPIN-ROT.)
    300.000    327245.2141    5.5149
    225.000    282543.1973    5.4511
    150.000    214819.7125    5.3321
     75.000    108375.5321    5.0349
     37.500     42803.7811    4.6315
     18.750     15293.6826    4.1845
     10.000      5962.1759    3.7754
      9.375      5412.7275    3.7334
